# JRE version: Java(TM) SE Runtime Environment (8.0_05-b13) (build 1.8.0_05-b13)
# Java VM: Java HotSpot(TM) 64-Bit Server VM (25.5-b02 mixed mode windows-amd64 compressed oops)
Heap:
 def new generation   total 1152K, used 1113K [0x00000000a2400000, 0x00000000a2540000, 0x00000000c1800000)
  eden space 1024K,  97% used [0x00000000a2400000, 0x00000000a24fa458, 0x00000000a2500000)
  from space 128K,  99% used [0x00000000a2500000, 0x00000000a251fff0, 0x00000000a2520000)
  to   space 128K,   0% used [0x00000000a2520000, 0x00000000a2520000, 0x00000000a2540000)
 tenured generation   total 252672K, used 3914K [0x00000000c1800000, 0x00000000d0ec0000, 0x0000000100000000)
   the space 252672K,   1% used [0x00000000c1800000, 0x00000000c1bd2878, 0x00000000c1bd2a00, 0x00000000d0ec0000)
 Metaspace       used 6816K, capacity 6944K, committed 7040K, reserved 1056768K
  class space    used 756K, capacity 800K, committed 896K, reserved 1048576K
GC Heap History (10 events):
Event: 0.416 GC heap before
{Heap before GC invocations=23 (full 0):
 def new generation   total 1152K, used 1152K [0x00000000a2400000, 0x00000000a2540000, 0x00000000c1800000)
  eden space 1024K, 100% used [0x00000000a2400000, 0x00000000a2500000, 0x00000000a2500000)
  from space 128K, 100% used [0x00000000a2520000, 0x00000000a2540000, 0x00000000a2540000)
  to   space 128K,   0% used [0x00000000a2500000, 0x00000000a2500000, 0x00000000a2520000)
 tenured generation   total 252672K, used 3466K [0x00000000c1800000, 0x00000000d0ec0000, 0x0000000100000000)
   the space 252672K,   1% used [0x00000000c1800000, 0x00000000c1b629b0, 0x00000000c1b62a00, 0x00000000d0ec0000)
 Metaspace       used 6344K, capacity 6512K, committed 6656K, reserved 1056768K
  class space    used 699K, capacity 768K, committed 768K, reserved 1048576K
Event: 0.417 GC heap after
Heap after GC invocations=24 (full 0):
 def new generation   total 1152K, used 128K [0x00000000a2400000, 0x00000000a2540000, 0x00000000c1800000)
  eden space 1024K,   0% used [0x00000000a2400000, 0x00000000a2400000, 0x00000000a2500000)
  from space 128K, 100% used [0x00000000a2500000, 0x00000000a2520000, 0x00000000a2520000)
  to   space 128K,   0% used [0x00000000a2520000, 0x00000000a2520000, 0x00000000a2540000)
 tenured generation   total 252672K, used 3624K [0x00000000c1800000, 0x00000000d0ec0000, 0x0000000100000000)
   the space 252672K,   1% used [0x00000000c1800000, 0x00000000c1b8a3a0, 0x00000000c1b8a400, 0x00000000d0ec0000)
 Metaspace       used 6344K, capacity 6512K, committed 6656K, reserved 1056768K
  class space    used 699K, capacity 768K, committed 768K, reserved 1048576K
}
Event: 0.420 GC heap before
{Heap before GC invocations=24 (full 0):
 def new generation   total 1152K, used 1152K [0x00000000a2400000, 0x00000000a2540000, 0x00000000c1800000)
  eden space 1024K, 100% used [0x00000000a2400000, 0x00000000a2500000, 0x00000000a2500000)
  from space 128K, 100% used [0x00000000a2500000, 0x00000000a2520000, 0x00000000a2520000)
  to   space 128K,   0% used [0x00000000a2520000, 0x00000000a2520000, 0x00000000a2540000)
 tenured generation   total 252672K, used 3624K [0x00000000c1800000, 0x00000000d0ec0000, 0x0000000100000000)
   the space 252672K,   1% used [0x00000000c1800000, 0x00000000c1b8a3a0, 0x00000000c1b8a400, 0x00000000d0ec0000)
 Metaspace       used 6399K, capacity 6576K, committed 6656K, reserved 1056768K
  class space    used 704K, capacity 768K, committed 768K, reserved 1048576K
Event: 0.421 GC heap after
Heap after GC invocations=25 (full 0):
 def new generation   total 1152K, used 70K [0x00000000a2400000, 0x00000000a2540000, 0x00000000c1800000)
  eden space 1024K,   0% used [0x00000000a2400000, 0x00000000a2400000, 0x00000000a2500000)
  from space 128K,  55% used [0x00000000a2520000, 0x00000000a2531b60, 0x00000000a2540000)
  to   space 128K,   0% used [0x00000000a2500000, 0x00000000a2500000, 0x00000000a2520000)
 tenured generation   total 252672K, used 3737K [0x00000000c1800000, 0x00000000d0ec0000, 0x0000000100000000)
   the space 252672K,   1% used [0x00000000c1800000, 0x00000000c1ba6410, 0x00000000c1ba6600, 0x00000000d0ec0000)
 Metaspace       used 6399K, capacity 6576K, committed 6656K, reserved 1056768K
  class space    used 704K, capacity 768K, committed 768K, reserved 1048576K
}
Event: 0.424 GC heap before
{Heap before GC invocations=25 (full 0):
 def new generation   total 1152K, used 1094K [0x00000000a2400000, 0x00000000a2540000, 0x00000000c1800000)
  eden space 1024K, 100% used [0x00000000a2400000, 0x00000000a2500000, 0x00000000a2500000)
  from space 128K,  55% used [0x00000000a2520000, 0x00000000a2531b60, 0x00000000a2540000)
  to   space 128K,   0% used [0x00000000a2500000, 0x00000000a2500000, 0x00000000a2520000)
 tenured generation   total 252672K, used 3737K [0x00000000c1800000, 0x00000000d0ec0000, 0x0000000100000000)
   the space 252672K,   1% used [0x00000000c1800000, 0x00000000c1ba6410, 0x00000000c1ba6600, 0x00000000d0ec0000)
 Metaspace       used 6423K, capacity 6580K, committed 6656K, reserved 1056768K
  class space    used 706K, capacity 768K, committed 768K, reserved 1048576K
Event: 0.425 GC heap after
Heap after GC invocations=26 (full 0):
 def new generation   total 1152K, used 44K [0x00000000a2400000, 0x00000000a2540000, 0x00000000c1800000)
  eden space 1024K,   0% used [0x00000000a2400000, 0x00000000a2400000, 0x00000000a2500000)
  from space 128K,  34% used [0x00000000a2500000, 0x00000000a250b170, 0x00000000a2520000)
  to   space 128K,   0% used [0x00000000a2520000, 0x00000000a2520000, 0x00000000a2540000)
 tenured generation   total 252672K, used 3765K [0x00000000c1800000, 0x00000000d0ec0000, 0x0000000100000000)
   the space 252672K,   1% used [0x00000000c1800000, 0x00000000c1bad7b0, 0x00000000c1bad800, 0x00000000d0ec0000)
 Metaspace       used 6423K, capacity 6580K, committed 6656K, reserved 1056768K
  class space    used 706K, capacity 768K, committed 768K, reserved 1048576K
}
Event: 0.432 GC heap before
{Heap before GC invocations=26 (full 0):
 def new generation   total 1152K, used 1061K [0x00000000a2400000, 0x00000000a2540000, 0x00000000c1800000)
  eden space 1024K,  99% used [0x00000000a2400000, 0x00000000a24fe380, 0x00000000a2500000)
  from space 128K,  34% used [0x00000000a2500000, 0x00000000a250b170, 0x00000000a2520000)
  to   space 128K,   0% used [0x00000000a2520000, 0x00000000a2520000, 0x00000000a2540000)
 tenured generation   total 252672K, used 3765K [0x00000000c1800000, 0x00000000d0ec0000, 0x0000000100000000)
   the space 252672K,   1% used [0x00000000c1800000, 0x00000000c1bad7b0, 0x00000000c1bad800, 0x00000000d0ec0000)
 Metaspace       used 6538K, capacity 6708K, committed 6912K, reserved 1056768K
  class space    used 718K, capacity 768K, committed 768K, reserved 1048576K
Event: 0.432 GC heap after
Heap after GC invocations=27 (full 0):
 def new generation   total 1152K, used 127K [0x00000000a2400000, 0x00000000a2540000, 0x00000000c1800000)
  eden space 1024K,   0% used [0x00000000a2400000, 0x00000000a2400000, 0x00000000a2500000)
  from space 128K,  99% used [0x00000000a2520000, 0x00000000a253ffb0, 0x00000000a2540000)
  to   space 128K,   0% used [0x00000000a2500000, 0x00000000a2500000, 0x00000000a2520000)
 tenured generation   total 252672K, used 3807K [0x00000000c1800000, 0x00000000d0ec0000, 0x0000000100000000)
   the space 252672K,   1% used [0x00000000c1800000, 0x00000000c1bb7d98, 0x00000000c1bb7e00, 0x00000000d0ec0000)
 Metaspace       used 6538K, capacity 6708K, committed 6912K, reserved 1056768K
  class space    used 718K, capacity 768K, committed 768K, reserved 1048576K
}
Event: 0.439 GC heap before
{Heap before GC invocations=27 (full 0):
 def new generation   total 1152K, used 1138K [0x00000000a2400000, 0x00000000a2540000, 0x00000000c1800000)
  eden space 1024K,  98% used [0x00000000a2400000, 0x00000000a24fcb28, 0x00000000a2500000)
  from space 128K,  99% used [0x00000000a2520000, 0x00000000a253ffb0, 0x00000000a2540000)
  to   space 128K,   0% used [0x00000000a2500000, 0x00000000a2500000, 0x00000000a2520000)
 tenured generation   total 252672K, used 3807K [0x00000000c1800000, 0x00000000d0ec0000, 0x0000000100000000)
   the space 252672K,   1% used [0x00000000c1800000, 0x00000000c1bb7d98, 0x00000000c1bb7e00, 0x00000000d0ec0000)
 Metaspace       used 6690K, capacity 6876K, committed 7040K, reserved 1056768K
  class space    used 739K, capacity 800K, committed 896K, reserved 1048576K
Event: 0.440 GC heap after
Heap after GC invocations=28 (full 0):
 def new generation   total 1152K, used 127K [0x00000000a2400000, 0x00000000a2540000, 0x00000000c1800000)
  eden space 1024K,   0% used [0x00000000a2400000, 0x00000000a2400000, 0x00000000a2500000)
  from space 128K,  99% used [0x00000000a2500000, 0x00000000a251fff0, 0x00000000a2520000)
  to   space 128K,   0% used [0x00000000a2520000, 0x00000000a2520000, 0x00000000a2540000)
 tenured generation   total 252672K, used 3914K [0x00000000c1800000, 0x00000000d0ec0000, 0x0000000100000000)
   the space 252672K,   1% used [0x00000000c1800000, 0x00000000c1bd2878, 0x00000000c1bd2a00, 0x00000000d0ec0000)
 Metaspace       used 6690K, capacity 6876K, committed 7040K, reserved 1056768K
  class space    used 739K, capacity 800K, committed 896K, reserved 1048576K
}

