# JRE version: Java(TM) SE Runtime Environment (8.0_05-b13) (build 1.8.0_05-b13)
# Java VM: Java HotSpot(TM) 64-Bit Server VM (25.5-b02 mixed mode windows-amd64 compressed oops)
Heap:
 def new generation   total 1152K, used 438K [0x00000000a2400000, 0x00000000a2540000, 0x00000000c1800000)
  eden space 1024K,  30% used [0x00000000a2400000, 0x00000000a244d9c0, 0x00000000a2500000)
  from space 128K, 100% used [0x00000000a2520000, 0x00000000a2540000, 0x00000000a2540000)
  to   space 128K,   0% used [0x00000000a2500000, 0x00000000a2500000, 0x00000000a2520000)
 tenured generation   total 252672K, used 20708K [0x00000000c1800000, 0x00000000d0ec0000, 0x0000000100000000)
   the space 252672K,   8% used [0x00000000c1800000, 0x00000000c2c39088, 0x00000000c2c39200, 0x00000000d0ec0000)
 Metaspace       used 11822K, capacity 12122K, committed 12288K, reserved 1060864K
  class space    used 1384K, capacity 1455K, committed 1536K, reserved 1048576K
GC Heap History (10 events):
Event: 1.817 GC heap before
{Heap before GC invocations=139 (full 0):
 def new generation   total 1152K, used 1089K [0x00000000a2400000, 0x00000000a2540000, 0x00000000c1800000)
  eden space 1024K, 100% used [0x00000000a2400000, 0x00000000a2500000, 0x00000000a2500000)
  from space 128K,  51% used [0x00000000a2520000, 0x00000000a2530600, 0x00000000a2540000)
  to   space 128K,   0% used [0x00000000a2500000, 0x00000000a2500000, 0x00000000a2520000)
 tenured generation   total 252672K, used 20281K [0x00000000c1800000, 0x00000000d0ec0000, 0x0000000100000000)
   the space 252672K,   8% used [0x00000000c1800000, 0x00000000c2bce5b8, 0x00000000c2bce600, 0x00000000d0ec0000)
 Metaspace       used 11809K, capacity 12122K, committed 12288K, reserved 1060864K
  class space    used 1384K, capacity 1455K, committed 1536K, reserved 1048576K
Event: 1.818 GC heap after
Heap after GC invocations=140 (full 0):
 def new generation   total 1152K, used 128K [0x00000000a2400000, 0x00000000a2540000, 0x00000000c1800000)
  eden space 1024K,   0% used [0x00000000a2400000, 0x00000000a2400000, 0x00000000a2500000)
  from space 128K, 100% used [0x00000000a2500000, 0x00000000a2520000, 0x00000000a2520000)
  to   space 128K,   0% used [0x00000000a2520000, 0x00000000a2520000, 0x00000000a2540000)
 tenured generation   total 252672K, used 20320K [0x00000000c1800000, 0x00000000d0ec0000, 0x0000000100000000)
   the space 252672K,   8% used [0x00000000c1800000, 0x00000000c2bd8110, 0x00000000c2bd8200, 0x00000000d0ec0000)
 Metaspace       used 11809K, capacity 12122K, committed 12288K, reserved 1060864K
  class space    used 1384K, capacity 1455K, committed 1536K, reserved 1048576K
}
Event: 1.822 GC heap before
{Heap before GC invocations=140 (full 0):
 def new generation   total 1152K, used 1152K [0x00000000a2400000, 0x00000000a2540000, 0x00000000c1800000)
  eden space 1024K, 100% used [0x00000000a2400000, 0x00000000a2500000, 0x00000000a2500000)
  from space 128K, 100% used [0x00000000a2500000, 0x00000000a2520000, 0x00000000a2520000)
  to   space 128K,   0% used [0x00000000a2520000, 0x00000000a2520000, 0x00000000a2540000)
 tenured generation   total 252672K, used 20320K [0x00000000c1800000, 0x00000000d0ec0000, 0x0000000100000000)
   the space 252672K,   8% used [0x00000000c1800000, 0x00000000c2bd8110, 0x00000000c2bd8200, 0x00000000d0ec0000)
 Metaspace       used 11811K, capacity 12122K, committed 12288K, reserved 1060864K
  class space    used 1384K, capacity 1455K, committed 1536K, reserved 1048576K
Event: 1.823 GC heap after
Heap after GC invocations=141 (full 0):
 def new generation   total 1152K, used 54K [0x00000000a2400000, 0x00000000a2540000, 0x00000000c1800000)
  eden space 1024K,   0% used [0x00000000a2400000, 0x00000000a2400000, 0x00000000a2500000)
  from space 128K,  42% used [0x00000000a2520000, 0x00000000a252db98, 0x00000000a2540000)
  to   space 128K,   0% used [0x00000000a2500000, 0x00000000a2500000, 0x00000000a2520000)
 tenured generation   total 252672K, used 20403K [0x00000000c1800000, 0x00000000d0ec0000, 0x0000000100000000)
   the space 252672K,   8% used [0x00000000c1800000, 0x00000000c2becf30, 0x00000000c2bed000, 0x00000000d0ec0000)
 Metaspace       used 11811K, capacity 12122K, committed 12288K, reserved 1060864K
  class space    used 1384K, capacity 1455K, committed 1536K, reserved 1048576K
}
Event: 1.832 GC heap before
{Heap before GC invocations=141 (full 0):
 def new generation   total 1152K, used 1078K [0x00000000a2400000, 0x00000000a2540000, 0x00000000c1800000)
  eden space 1024K, 100% used [0x00000000a2400000, 0x00000000a2500000, 0x00000000a2500000)
  from space 128K,  42% used [0x00000000a2520000, 0x00000000a252db98, 0x00000000a2540000)
  to   space 128K,   0% used [0x00000000a2500000, 0x00000000a2500000, 0x00000000a2520000)
 tenured generation   total 252672K, used 20403K [0x00000000c1800000, 0x00000000d0ec0000, 0x0000000100000000)
   the space 252672K,   8% used [0x00000000c1800000, 0x00000000c2becf30, 0x00000000c2bed000, 0x00000000d0ec0000)
 Metaspace       used 11812K, capacity 12122K, committed 12288K, reserved 1060864K
  class space    used 1384K, capacity 1455K, committed 1536K, reserved 1048576K
Event: 1.833 GC heap after
Heap after GC invocations=142 (full 0):
 def new generation   total 1152K, used 127K [0x00000000a2400000, 0x00000000a2540000, 0x00000000c1800000)
  eden space 1024K,   0% used [0x00000000a2400000, 0x00000000a2400000, 0x00000000a2500000)
  from space 128K,  99% used [0x00000000a2500000, 0x00000000a251fff8, 0x00000000a2520000)
  to   space 128K,   0% used [0x00000000a2520000, 0x00000000a2520000, 0x00000000a2540000)
 tenured generation   total 252672K, used 20419K [0x00000000c1800000, 0x00000000d0ec0000, 0x0000000100000000)
   the space 252672K,   8% used [0x00000000c1800000, 0x00000000c2bf0eb0, 0x00000000c2bf1000, 0x00000000d0ec0000)
 Metaspace       used 11812K, capacity 12122K, committed 12288K, reserved 1060864K
  class space    used 1384K, capacity 1455K, committed 1536K, reserved 1048576K
}
Event: 1.841 GC heap before
{Heap before GC invocations=142 (full 0):
 def new generation   total 1152K, used 1151K [0x00000000a2400000, 0x00000000a2540000, 0x00000000c1800000)
  eden space 1024K, 100% used [0x00000000a2400000, 0x00000000a2500000, 0x00000000a2500000)
  from space 128K,  99% used [0x00000000a2500000, 0x00000000a251fff8, 0x00000000a2520000)
  to   space 128K,   0% used [0x00000000a2520000, 0x00000000a2520000, 0x00000000a2540000)
 tenured generation   total 252672K, used 20419K [0x00000000c1800000, 0x00000000d0ec0000, 0x0000000100000000)
   the space 252672K,   8% used [0x00000000c1800000, 0x00000000c2bf0eb0, 0x00000000c2bf1000, 0x00000000d0ec0000)
 Metaspace       used 11812K, capacity 12122K, committed 12288K, reserved 1060864K
  class space    used 1384K, capacity 1455K, committed 1536K, reserved 1048576K
Event: 1.843 GC heap after
Heap after GC invocations=143 (full 0):
 def new generation   total 1152K, used 118K [0x00000000a2400000, 0x00000000a2540000, 0x00000000c1800000)
  eden space 1024K,   0% used [0x00000000a2400000, 0x00000000a2400000, 0x00000000a2500000)
  from space 128K,  92% used [0x00000000a2520000, 0x00000000a253d970, 0x00000000a2540000)
  to   space 128K,   0% used [0x00000000a2500000, 0x00000000a2500000, 0x00000000a2520000)
 tenured generation   total 252672K, used 20498K [0x00000000c1800000, 0x00000000d0ec0000, 0x0000000100000000)
   the space 252672K,   8% used [0x00000000c1800000, 0x00000000c2c04ba8, 0x00000000c2c04c00, 0x00000000d0ec0000)
 Metaspace       used 11812K, capacity 12122K, committed 12288K, reserved 1060864K
  class space    used 1384K, capacity 1455K, committed 1536K, reserved 1048576K
}
Event: 1.850 GC heap before
{Heap before GC invocations=143 (full 0):
 def new generation   total 1152K, used 1142K [0x00000000a2400000, 0x00000000a2540000, 0x00000000c1800000)
  eden space 1024K, 100% used [0x00000000a2400000, 0x00000000a2500000, 0x00000000a2500000)
  from space 128K,  92% used [0x00000000a2520000, 0x00000000a253d970, 0x00000000a2540000)
  to   space 128K,   0% used [0x00000000a2500000, 0x00000000a2500000, 0x00000000a2520000)
 tenured generation   total 252672K, used 20498K [0x00000000c1800000, 0x00000000d0ec0000, 0x0000000100000000)
   the space 252672K,   8% used [0x00000000c1800000, 0x00000000c2c04ba8, 0x00000000c2c04c00, 0x00000000d0ec0000)
 Metaspace       used 11812K, capacity 12122K, committed 12288K, reserved 1060864K
  class space    used 1384K, capacity 1455K, committed 1536K, reserved 1048576K
Event: 1.853 GC heap after
Heap after GC invocations=144 (full 0):
 def new generation   total 1152K, used 69K [0x00000000a2400000, 0x00000000a2540000, 0x00000000c1800000)
  eden space 1024K,   0% used [0x00000000a2400000, 0x00000000a2400000, 0x00000000a2500000)
  from space 128K,  54% used [0x00000000a2500000, 0x00000000a2511580, 0x00000000a2520000)
  to   space 128K,   0% used [0x00000000a2520000, 0x00000000a2520000, 0x00000000a2540000)
 tenured generation   total 252672K, used 20568K [0x00000000c1800000, 0x00000000d0ec0000, 0x0000000100000000)
   the space 252672K,   8% used [0x00000000c1800000, 0x00000000c2c162d0, 0x00000000c2c16400, 0x00000000d0ec0000)
 Metaspace       used 11812K, capacity 12122K, committed 12288K, reserved 1060864K
  class space    used 1384K, capacity 1455K, committed 1536K, reserved 1048576K
}

