# JRE version: Java(TM) SE Runtime Environment (8.0_05-b13) (build 1.8.0_05-b13)
# Java VM: Java HotSpot(TM) 64-Bit Server VM (25.5-b02 mixed mode windows-amd64 compressed oops)
Heap:
 def new generation   total 1152K, used 466K [0x00000000a2400000, 0x00000000a2540000, 0x00000000c1800000)
  eden space 1024K,  38% used [0x00000000a2400000, 0x00000000a2461ed8, 0x00000000a2500000)
  from space 128K,  58% used [0x00000000a2520000, 0x00000000a2532b60, 0x00000000a2540000)
  to   space 128K,   0% used [0x00000000a2500000, 0x00000000a2500000, 0x00000000a2520000)
 tenured generation   total 252672K, used 6758K [0x00000000c1800000, 0x00000000d0ec0000, 0x0000000100000000)
   the space 252672K,   2% used [0x00000000c1800000, 0x00000000c1e999d8, 0x00000000c1e99a00, 0x00000000d0ec0000)
 Metaspace       used 10939K, capacity 11152K, committed 11392K, reserved 1058816K
  class space    used 1309K, capacity 1368K, committed 1408K, reserved 1048576K
GC Heap History (10 events):
Event: 0.688 GC heap before
{Heap before GC invocations=61 (full 0):
 def new generation   total 1152K, used 1100K [0x00000000a2400000, 0x00000000a2540000, 0x00000000c1800000)
  eden space 1024K, 100% used [0x00000000a2400000, 0x00000000a2500000, 0x00000000a2500000)
  from space 128K,  59% used [0x00000000a2520000, 0x00000000a25330e0, 0x00000000a2540000)
  to   space 128K,   0% used [0x00000000a2500000, 0x00000000a2500000, 0x00000000a2520000)
 tenured generation   total 252672K, used 6308K [0x00000000c1800000, 0x00000000d0ec0000, 0x0000000100000000)
   the space 252672K,   2% used [0x00000000c1800000, 0x00000000c1e292d8, 0x00000000c1e29400, 0x00000000d0ec0000)
 Metaspace       used 10902K, capacity 11152K, committed 11392K, reserved 1058816K
  class space    used 1309K, capacity 1368K, committed 1408K, reserved 1048576K
Event: 0.688 GC heap after
Heap after GC invocations=62 (full 0):
 def new generation   total 1152K, used 110K [0x00000000a2400000, 0x00000000a2540000, 0x00000000c1800000)
  eden space 1024K,   0% used [0x00000000a2400000, 0x00000000a2400000, 0x00000000a2500000)
  from space 128K,  86% used [0x00000000a2500000, 0x00000000a251b940, 0x00000000a2520000)
  to   space 128K,   0% used [0x00000000a2520000, 0x00000000a2520000, 0x00000000a2540000)
 tenured generation   total 252672K, used 6324K [0x00000000c1800000, 0x00000000d0ec0000, 0x0000000100000000)
   the space 252672K,   2% used [0x00000000c1800000, 0x00000000c1e2d190, 0x00000000c1e2d200, 0x00000000d0ec0000)
 Metaspace       used 10902K, capacity 11152K, committed 11392K, reserved 1058816K
  class space    used 1309K, capacity 1368K, committed 1408K, reserved 1048576K
}
Event: 0.694 GC heap before
{Heap before GC invocations=62 (full 0):
 def new generation   total 1152K, used 1134K [0x00000000a2400000, 0x00000000a2540000, 0x00000000c1800000)
  eden space 1024K, 100% used [0x00000000a2400000, 0x00000000a2500000, 0x00000000a2500000)
  from space 128K,  86% used [0x00000000a2500000, 0x00000000a251b940, 0x00000000a2520000)
  to   space 128K,   0% used [0x00000000a2520000, 0x00000000a2520000, 0x00000000a2540000)
 tenured generation   total 252672K, used 6324K [0x00000000c1800000, 0x00000000d0ec0000, 0x0000000100000000)
   the space 252672K,   2% used [0x00000000c1800000, 0x00000000c1e2d190, 0x00000000c1e2d200, 0x00000000d0ec0000)
 Metaspace       used 10910K, capacity 11152K, committed 11392K, reserved 1058816K
  class space    used 1309K, capacity 1368K, committed 1408K, reserved 1048576K
Event: 0.695 GC heap after
Heap after GC invocations=63 (full 0):
 def new generation   total 1152K, used 126K [0x00000000a2400000, 0x00000000a2540000, 0x00000000c1800000)
  eden space 1024K,   0% used [0x00000000a2400000, 0x00000000a2400000, 0x00000000a2500000)
  from space 128K,  99% used [0x00000000a2520000, 0x00000000a253fbf8, 0x00000000a2540000)
  to   space 128K,   0% used [0x00000000a2500000, 0x00000000a2500000, 0x00000000a2520000)
 tenured generation   total 252672K, used 6384K [0x00000000c1800000, 0x00000000d0ec0000, 0x0000000100000000)
   the space 252672K,   2% used [0x00000000c1800000, 0x00000000c1e3c1d8, 0x00000000c1e3c200, 0x00000000d0ec0000)
 Metaspace       used 10910K, capacity 11152K, committed 11392K, reserved 1058816K
  class space    used 1309K, capacity 1368K, committed 1408K, reserved 1048576K
}
Event: 0.697 GC heap before
{Heap before GC invocations=63 (full 0):
 def new generation   total 1152K, used 1150K [0x00000000a2400000, 0x00000000a2540000, 0x00000000c1800000)
  eden space 1024K, 100% used [0x00000000a2400000, 0x00000000a2500000, 0x00000000a2500000)
  from space 128K,  99% used [0x00000000a2520000, 0x00000000a253fbf8, 0x00000000a2540000)
  to   space 128K,   0% used [0x00000000a2500000, 0x00000000a2500000, 0x00000000a2520000)
 tenured generation   total 252672K, used 6384K [0x00000000c1800000, 0x00000000d0ec0000, 0x0000000100000000)
   the space 252672K,   2% used [0x00000000c1800000, 0x00000000c1e3c1d8, 0x00000000c1e3c200, 0x00000000d0ec0000)
 Metaspace       used 10913K, capacity 11152K, committed 11392K, reserved 1058816K
  class space    used 1309K, capacity 1368K, committed 1408K, reserved 1048576K
Event: 0.698 GC heap after
Heap after GC invocations=64 (full 0):
 def new generation   total 1152K, used 63K [0x00000000a2400000, 0x00000000a2540000, 0x00000000c1800000)
  eden space 1024K,   0% used [0x00000000a2400000, 0x00000000a2400000, 0x00000000a2500000)
  from space 128K,  49% used [0x00000000a2500000, 0x00000000a250fd58, 0x00000000a2520000)
  to   space 128K,   0% used [0x00000000a2520000, 0x00000000a2520000, 0x00000000a2540000)
 tenured generation   total 252672K, used 6460K [0x00000000c1800000, 0x00000000d0ec0000, 0x0000000100000000)
   the space 252672K,   2% used [0x00000000c1800000, 0x00000000c1e4f3b0, 0x00000000c1e4f400, 0x00000000d0ec0000)
 Metaspace       used 10913K, capacity 11152K, committed 11392K, reserved 1058816K
  class space    used 1309K, capacity 1368K, committed 1408K, reserved 1048576K
}
Event: 0.704 GC heap before
{Heap before GC invocations=64 (full 0):
 def new generation   total 1152K, used 1087K [0x00000000a2400000, 0x00000000a2540000, 0x00000000c1800000)
  eden space 1024K, 100% used [0x00000000a2400000, 0x00000000a2500000, 0x00000000a2500000)
  from space 128K,  49% used [0x00000000a2500000, 0x00000000a250fd58, 0x00000000a2520000)
  to   space 128K,   0% used [0x00000000a2520000, 0x00000000a2520000, 0x00000000a2540000)
 tenured generation   total 252672K, used 6460K [0x00000000c1800000, 0x00000000d0ec0000, 0x0000000100000000)
   the space 252672K,   2% used [0x00000000c1800000, 0x00000000c1e4f3b0, 0x00000000c1e4f400, 0x00000000d0ec0000)
 Metaspace       used 10924K, capacity 11152K, committed 11392K, reserved 1058816K
  class space    used 1309K, capacity 1368K, committed 1408K, reserved 1048576K
Event: 0.704 GC heap after
Heap after GC invocations=65 (full 0):
 def new generation   total 1152K, used 128K [0x00000000a2400000, 0x00000000a2540000, 0x00000000c1800000)
  eden space 1024K,   0% used [0x00000000a2400000, 0x00000000a2400000, 0x00000000a2500000)
  from space 128K, 100% used [0x00000000a2520000, 0x00000000a2540000, 0x00000000a2540000)
  to   space 128K,   0% used [0x00000000a2500000, 0x00000000a2500000, 0x00000000a2520000)
 tenured generation   total 252672K, used 6499K [0x00000000c1800000, 0x00000000d0ec0000, 0x0000000100000000)
   the space 252672K,   2% used [0x00000000c1800000, 0x00000000c1e58f70, 0x00000000c1e59000, 0x00000000d0ec0000)
 Metaspace       used 10924K, capacity 11152K, committed 11392K, reserved 1058816K
  class space    used 1309K, capacity 1368K, committed 1408K, reserved 1048576K
}
Event: 0.707 GC heap before
{Heap before GC invocations=65 (full 0):
 def new generation   total 1152K, used 1152K [0x00000000a2400000, 0x00000000a2540000, 0x00000000c1800000)
  eden space 1024K, 100% used [0x00000000a2400000, 0x00000000a2500000, 0x00000000a2500000)
  from space 128K, 100% used [0x00000000a2520000, 0x00000000a2540000, 0x00000000a2540000)
  to   space 128K,   0% used [0x00000000a2500000, 0x00000000a2500000, 0x00000000a2520000)
 tenured generation   total 252672K, used 6499K [0x00000000c1800000, 0x00000000d0ec0000, 0x0000000100000000)
   the space 252672K,   2% used [0x00000000c1800000, 0x00000000c1e58f70, 0x00000000c1e59000, 0x00000000d0ec0000)
 Metaspace       used 10925K, capacity 11152K, committed 11392K, reserved 1058816K
  class space    used 1309K, capacity 1368K, committed 1408K, reserved 1048576K
Event: 0.708 GC heap after
Heap after GC invocations=66 (full 0):
 def new generation   total 1152K, used 54K [0x00000000a2400000, 0x00000000a2540000, 0x00000000c1800000)
  eden space 1024K,   0% used [0x00000000a2400000, 0x00000000a2400000, 0x00000000a2500000)
  from space 128K,  42% used [0x00000000a2500000, 0x00000000a250dbd0, 0x00000000a2520000)
  to   space 128K,   0% used [0x00000000a2520000, 0x00000000a2520000, 0x00000000a2540000)
 tenured generation   total 252672K, used 6597K [0x00000000c1800000, 0x00000000d0ec0000, 0x0000000100000000)
   the space 252672K,   2% used [0x00000000c1800000, 0x00000000c1e714a8, 0x00000000c1e71600, 0x00000000d0ec0000)
 Metaspace       used 10925K, capacity 11152K, committed 11392K, reserved 1058816K
  class space    used 1309K, capacity 1368K, committed 1408K, reserved 1048576K
}

