# JRE version: Java(TM) SE Runtime Environment (8.0_05-b13) (build 1.8.0_05-b13)
# Java VM: Java HotSpot(TM) 64-Bit Server VM (25.5-b02 mixed mode windows-amd64 compressed oops)
Heap:
 def new generation   total 1152K, used 628K [0x00000000a2400000, 0x00000000a2540000, 0x00000000c1800000)
  eden space 1024K,  54% used [0x00000000a2400000, 0x00000000a248ad18, 0x00000000a2500000)
  from space 128K,  57% used [0x00000000a2500000, 0x00000000a2512470, 0x00000000a2520000)
  to   space 128K,   0% used [0x00000000a2520000, 0x00000000a2520000, 0x00000000a2540000)
 tenured generation   total 252672K, used 6547K [0x00000000c1800000, 0x00000000d0ec0000, 0x0000000100000000)
   the space 252672K,   2% used [0x00000000c1800000, 0x00000000c1e64e68, 0x00000000c1e65000, 0x00000000d0ec0000)
 Metaspace       used 10945K, capacity 11152K, committed 11392K, reserved 1058816K
  class space    used 1309K, capacity 1368K, committed 1408K, reserved 1048576K
GC Heap History (10 events):
Event: 0.585 GC heap before
{Heap before GC invocations=59 (full 0):
 def new generation   total 1152K, used 1084K [0x00000000a2400000, 0x00000000a2540000, 0x00000000c1800000)
  eden space 1024K, 100% used [0x00000000a2400000, 0x00000000a2500000, 0x00000000a2500000)
  from space 128K,  47% used [0x00000000a2520000, 0x00000000a252f0c0, 0x00000000a2540000)
  to   space 128K,   0% used [0x00000000a2500000, 0x00000000a2500000, 0x00000000a2520000)
 tenured generation   total 252672K, used 6153K [0x00000000c1800000, 0x00000000d0ec0000, 0x0000000100000000)
   the space 252672K,   2% used [0x00000000c1800000, 0x00000000c1e02620, 0x00000000c1e02800, 0x00000000d0ec0000)
 Metaspace       used 10834K, capacity 11088K, committed 11136K, reserved 1058816K
  class space    used 1309K, capacity 1368K, committed 1408K, reserved 1048576K
Event: 0.585 GC heap after
Heap after GC invocations=60 (full 0):
 def new generation   total 1152K, used 128K [0x00000000a2400000, 0x00000000a2540000, 0x00000000c1800000)
  eden space 1024K,   0% used [0x00000000a2400000, 0x00000000a2400000, 0x00000000a2500000)
  from space 128K, 100% used [0x00000000a2500000, 0x00000000a2520000, 0x00000000a2520000)
  to   space 128K,   0% used [0x00000000a2520000, 0x00000000a2520000, 0x00000000a2540000)
 tenured generation   total 252672K, used 6177K [0x00000000c1800000, 0x00000000d0ec0000, 0x0000000100000000)
   the space 252672K,   2% used [0x00000000c1800000, 0x00000000c1e086c8, 0x00000000c1e08800, 0x00000000d0ec0000)
 Metaspace       used 10834K, capacity 11088K, committed 11136K, reserved 1058816K
  class space    used 1309K, capacity 1368K, committed 1408K, reserved 1048576K
}
Event: 0.589 GC heap before
{Heap before GC invocations=60 (full 0):
 def new generation   total 1152K, used 1152K [0x00000000a2400000, 0x00000000a2540000, 0x00000000c1800000)
  eden space 1024K, 100% used [0x00000000a2400000, 0x00000000a2500000, 0x00000000a2500000)
  from space 128K, 100% used [0x00000000a2500000, 0x00000000a2520000, 0x00000000a2520000)
  to   space 128K,   0% used [0x00000000a2520000, 0x00000000a2520000, 0x00000000a2540000)
 tenured generation   total 252672K, used 6177K [0x00000000c1800000, 0x00000000d0ec0000, 0x0000000100000000)
   the space 252672K,   2% used [0x00000000c1800000, 0x00000000c1e086c8, 0x00000000c1e08800, 0x00000000d0ec0000)
 Metaspace       used 10878K, capacity 11152K, committed 11392K, reserved 1058816K
  class space    used 1309K, capacity 1368K, committed 1408K, reserved 1048576K
Event: 0.590 GC heap after
Heap after GC invocations=61 (full 0):
 def new generation   total 1152K, used 83K [0x00000000a2400000, 0x00000000a2540000, 0x00000000c1800000)
  eden space 1024K,   0% used [0x00000000a2400000, 0x00000000a2400000, 0x00000000a2500000)
  from space 128K,  65% used [0x00000000a2520000, 0x00000000a2534cd0, 0x00000000a2540000)
  to   space 128K,   0% used [0x00000000a2500000, 0x00000000a2500000, 0x00000000a2520000)
 tenured generation   total 252672K, used 6262K [0x00000000c1800000, 0x00000000d0ec0000, 0x0000000100000000)
   the space 252672K,   2% used [0x00000000c1800000, 0x00000000c1e1dab8, 0x00000000c1e1dc00, 0x00000000d0ec0000)
 Metaspace       used 10878K, capacity 11152K, committed 11392K, reserved 1058816K
  class space    used 1309K, capacity 1368K, committed 1408K, reserved 1048576K
}
Event: 0.595 GC heap before
{Heap before GC invocations=61 (full 0):
 def new generation   total 1152K, used 1107K [0x00000000a2400000, 0x00000000a2540000, 0x00000000c1800000)
  eden space 1024K, 100% used [0x00000000a2400000, 0x00000000a2500000, 0x00000000a2500000)
  from space 128K,  65% used [0x00000000a2520000, 0x00000000a2534cd0, 0x00000000a2540000)
  to   space 128K,   0% used [0x00000000a2500000, 0x00000000a2500000, 0x00000000a2520000)
 tenured generation   total 252672K, used 6262K [0x00000000c1800000, 0x00000000d0ec0000, 0x0000000100000000)
   the space 252672K,   2% used [0x00000000c1800000, 0x00000000c1e1dab8, 0x00000000c1e1dc00, 0x00000000d0ec0000)
 Metaspace       used 10910K, capacity 11152K, committed 11392K, reserved 1058816K
  class space    used 1309K, capacity 1368K, committed 1408K, reserved 1048576K
Event: 0.595 GC heap after
Heap after GC invocations=62 (full 0):
 def new generation   total 1152K, used 103K [0x00000000a2400000, 0x00000000a2540000, 0x00000000c1800000)
  eden space 1024K,   0% used [0x00000000a2400000, 0x00000000a2400000, 0x00000000a2500000)
  from space 128K,  81% used [0x00000000a2500000, 0x00000000a2519f28, 0x00000000a2520000)
  to   space 128K,   0% used [0x00000000a2520000, 0x00000000a2520000, 0x00000000a2540000)
 tenured generation   total 252672K, used 6288K [0x00000000c1800000, 0x00000000d0ec0000, 0x0000000100000000)
   the space 252672K,   2% used [0x00000000c1800000, 0x00000000c1e24348, 0x00000000c1e24400, 0x00000000d0ec0000)
 Metaspace       used 10910K, capacity 11152K, committed 11392K, reserved 1058816K
  class space    used 1309K, capacity 1368K, committed 1408K, reserved 1048576K
}
Event: 0.601 GC heap before
{Heap before GC invocations=62 (full 0):
 def new generation   total 1152K, used 1127K [0x00000000a2400000, 0x00000000a2540000, 0x00000000c1800000)
  eden space 1024K, 100% used [0x00000000a2400000, 0x00000000a2500000, 0x00000000a2500000)
  from space 128K,  81% used [0x00000000a2500000, 0x00000000a2519f28, 0x00000000a2520000)
  to   space 128K,   0% used [0x00000000a2520000, 0x00000000a2520000, 0x00000000a2540000)
 tenured generation   total 252672K, used 6288K [0x00000000c1800000, 0x00000000d0ec0000, 0x0000000100000000)
   the space 252672K,   2% used [0x00000000c1800000, 0x00000000c1e24348, 0x00000000c1e24400, 0x00000000d0ec0000)
 Metaspace       used 10927K, capacity 11152K, committed 11392K, reserved 1058816K
  class space    used 1309K, capacity 1368K, committed 1408K, reserved 1048576K
Event: 0.602 GC heap after
Heap after GC invocations=63 (full 0):
 def new generation   total 1152K, used 127K [0x00000000a2400000, 0x00000000a2540000, 0x00000000c1800000)
  eden space 1024K,   0% used [0x00000000a2400000, 0x00000000a2400000, 0x00000000a2500000)
  from space 128K,  99% used [0x00000000a2520000, 0x00000000a253fe10, 0x00000000a2540000)
  to   space 128K,   0% used [0x00000000a2500000, 0x00000000a2500000, 0x00000000a2520000)
 tenured generation   total 252672K, used 6348K [0x00000000c1800000, 0x00000000d0ec0000, 0x0000000100000000)
   the space 252672K,   2% used [0x00000000c1800000, 0x00000000c1e33278, 0x00000000c1e33400, 0x00000000d0ec0000)
 Metaspace       used 10927K, capacity 11152K, committed 11392K, reserved 1058816K
  class space    used 1309K, capacity 1368K, committed 1408K, reserved 1048576K
}
Event: 0.604 GC heap before
{Heap before GC invocations=63 (full 0):
 def new generation   total 1152K, used 1151K [0x00000000a2400000, 0x00000000a2540000, 0x00000000c1800000)
  eden space 1024K, 100% used [0x00000000a2400000, 0x00000000a2500000, 0x00000000a2500000)
  from space 128K,  99% used [0x00000000a2520000, 0x00000000a253fe10, 0x00000000a2540000)
  to   space 128K,   0% used [0x00000000a2500000, 0x00000000a2500000, 0x00000000a2520000)
 tenured generation   total 252672K, used 6348K [0x00000000c1800000, 0x00000000d0ec0000, 0x0000000100000000)
   the space 252672K,   2% used [0x00000000c1800000, 0x00000000c1e33278, 0x00000000c1e33400, 0x00000000d0ec0000)
 Metaspace       used 10932K, capacity 11152K, committed 11392K, reserved 1058816K
  class space    used 1309K, capacity 1368K, committed 1408K, reserved 1048576K
Event: 0.605 GC heap after
Heap after GC invocations=64 (full 0):
 def new generation   total 1152K, used 64K [0x00000000a2400000, 0x00000000a2540000, 0x00000000c1800000)
  eden space 1024K,   0% used [0x00000000a2400000, 0x00000000a2400000, 0x00000000a2500000)
  from space 128K,  50% used [0x00000000a2500000, 0x00000000a2510040, 0x00000000a2520000)
  to   space 128K,   0% used [0x00000000a2520000, 0x00000000a2520000, 0x00000000a2540000)
 tenured generation   total 252672K, used 6428K [0x00000000c1800000, 0x00000000d0ec0000, 0x0000000100000000)
   the space 252672K,   2% used [0x00000000c1800000, 0x00000000c1e47258, 0x00000000c1e47400, 0x00000000d0ec0000)
 Metaspace       used 10932K, capacity 11152K, committed 11392K, reserved 1058816K
  class space    used 1309K, capacity 1368K, committed 1408K, reserved 1048576K
}

