# JRE version: Java(TM) SE Runtime Environment (8.0_05-b13) (build 1.8.0_05-b13)
# Java VM: Java HotSpot(TM) 64-Bit Server VM (25.5-b02 mixed mode windows-amd64 compressed oops)
Heap:
 def new generation   total 1152K, used 1056K [0x00000000a2400000, 0x00000000a2540000, 0x00000000c1800000)
  eden space 1024K,  90% used [0x00000000a2400000, 0x00000000a24e8368, 0x00000000a2500000)
  from space 128K, 100% used [0x00000000a2500000, 0x00000000a2520000, 0x00000000a2520000)
  to   space 128K,   0% used [0x00000000a2520000, 0x00000000a2520000, 0x00000000a2540000)
 tenured generation   total 252672K, used 3233K [0x00000000c1800000, 0x00000000d0ec0000, 0x0000000100000000)
   the space 252672K,   1% used [0x00000000c1800000, 0x00000000c1b28718, 0x00000000c1b28800, 0x00000000d0ec0000)
 Metaspace       used 6246K, capacity 6416K, committed 6656K, reserved 1056768K
  class space    used 687K, capacity 736K, committed 768K, reserved 1048576K
GC Heap History (10 events):
Event: 0.357 GC heap before
{Heap before GC invocations=16 (full 0):
 def new generation   total 1152K, used 1148K [0x00000000a2400000, 0x00000000a2540000, 0x00000000c1800000)
  eden space 1024K,  99% used [0x00000000a2400000, 0x00000000a24ff270, 0x00000000a2500000)
  from space 128K,  99% used [0x00000000a2500000, 0x00000000a251fec0, 0x00000000a2520000)
  to   space 128K,   0% used [0x00000000a2520000, 0x00000000a2520000, 0x00000000a2540000)
 tenured generation   total 252672K, used 3008K [0x00000000c1800000, 0x00000000d0ec0000, 0x0000000100000000)
   the space 252672K,   1% used [0x00000000c1800000, 0x00000000c1af0378, 0x00000000c1af0400, 0x00000000d0ec0000)
 Metaspace       used 5795K, capacity 6064K, committed 6144K, reserved 1056768K
  class space    used 635K, capacity 704K, committed 768K, reserved 1048576K
Event: 0.357 GC heap after
Heap after GC invocations=17 (full 0):
 def new generation   total 1152K, used 29K [0x00000000a2400000, 0x00000000a2540000, 0x00000000c1800000)
  eden space 1024K,   0% used [0x00000000a2400000, 0x00000000a2400000, 0x00000000a2500000)
  from space 128K,  23% used [0x00000000a2520000, 0x00000000a25277a0, 0x00000000a2540000)
  to   space 128K,   0% used [0x00000000a2500000, 0x00000000a2500000, 0x00000000a2520000)
 tenured generation   total 252672K, used 3097K [0x00000000c1800000, 0x00000000d0ec0000, 0x0000000100000000)
   the space 252672K,   1% used [0x00000000c1800000, 0x00000000c1b064c8, 0x00000000c1b06600, 0x00000000d0ec0000)
 Metaspace       used 5795K, capacity 6064K, committed 6144K, reserved 1056768K
  class space    used 635K, capacity 704K, committed 768K, reserved 1048576K
}
Event: 0.358 GC heap before
{Heap before GC invocations=17 (full 0):
 def new generation   total 1152K, used 1043K [0x00000000a2400000, 0x00000000a2540000, 0x00000000c1800000)
  eden space 1024K,  99% used [0x00000000a2400000, 0x00000000a24fd770, 0x00000000a2500000)
  from space 128K,  23% used [0x00000000a2520000, 0x00000000a25277a0, 0x00000000a2540000)
  to   space 128K,   0% used [0x00000000a2500000, 0x00000000a2500000, 0x00000000a2520000)
 tenured generation   total 252672K, used 3097K [0x00000000c1800000, 0x00000000d0ec0000, 0x0000000100000000)
   the space 252672K,   1% used [0x00000000c1800000, 0x00000000c1b064c8, 0x00000000c1b06600, 0x00000000d0ec0000)
 Metaspace       used 5796K, capacity 6064K, committed 6144K, reserved 1056768K
  class space    used 635K, capacity 704K, committed 768K, reserved 1048576K
Event: 0.358 GC heap after
Heap after GC invocations=18 (full 0):
 def new generation   total 1152K, used 34K [0x00000000a2400000, 0x00000000a2540000, 0x00000000c1800000)
  eden space 1024K,   0% used [0x00000000a2400000, 0x00000000a2400000, 0x00000000a2500000)
  from space 128K,  27% used [0x00000000a2500000, 0x00000000a2508a40, 0x00000000a2520000)
  to   space 128K,   0% used [0x00000000a2520000, 0x00000000a2520000, 0x00000000a2540000)
 tenured generation   total 252672K, used 3097K [0x00000000c1800000, 0x00000000d0ec0000, 0x0000000100000000)
   the space 252672K,   1% used [0x00000000c1800000, 0x00000000c1b064c8, 0x00000000c1b06600, 0x00000000d0ec0000)
 Metaspace       used 5796K, capacity 6064K, committed 6144K, reserved 1056768K
  class space    used 635K, capacity 704K, committed 768K, reserved 1048576K
}
Event: 0.359 GC heap before
{Heap before GC invocations=18 (full 0):
 def new generation   total 1152K, used 1055K [0x00000000a2400000, 0x00000000a2540000, 0x00000000c1800000)
  eden space 1024K,  99% used [0x00000000a2400000, 0x00000000a24ff2c8, 0x00000000a2500000)
  from space 128K,  27% used [0x00000000a2500000, 0x00000000a2508a40, 0x00000000a2520000)
  to   space 128K,   0% used [0x00000000a2520000, 0x00000000a2520000, 0x00000000a2540000)
 tenured generation   total 252672K, used 3097K [0x00000000c1800000, 0x00000000d0ec0000, 0x0000000100000000)
   the space 252672K,   1% used [0x00000000c1800000, 0x00000000c1b064c8, 0x00000000c1b06600, 0x00000000d0ec0000)
 Metaspace       used 5797K, capacity 6064K, committed 6144K, reserved 1056768K
  class space    used 635K, capacity 704K, committed 768K, reserved 1048576K
Event: 0.359 GC heap after
Heap after GC invocations=19 (full 0):
 def new generation   total 1152K, used 42K [0x00000000a2400000, 0x00000000a2540000, 0x00000000c1800000)
  eden space 1024K,   0% used [0x00000000a2400000, 0x00000000a2400000, 0x00000000a2500000)
  from space 128K,  33% used [0x00000000a2520000, 0x00000000a252aac0, 0x00000000a2540000)
  to   space 128K,   0% used [0x00000000a2500000, 0x00000000a2500000, 0x00000000a2520000)
 tenured generation   total 252672K, used 3097K [0x00000000c1800000, 0x00000000d0ec0000, 0x0000000100000000)
   the space 252672K,   1% used [0x00000000c1800000, 0x00000000c1b064c8, 0x00000000c1b06600, 0x00000000d0ec0000)
 Metaspace       used 5797K, capacity 6064K, committed 6144K, reserved 1056768K
  class space    used 635K, capacity 704K, committed 768K, reserved 1048576K
}
Event: 0.374 GC heap before
{Heap before GC invocations=19 (full 0):
 def new generation   total 1152K, used 1066K [0x00000000a2400000, 0x00000000a2540000, 0x00000000c1800000)
  eden space 1024K, 100% used [0x00000000a2400000, 0x00000000a2500000, 0x00000000a2500000)
  from space 128K,  33% used [0x00000000a2520000, 0x00000000a252aac0, 0x00000000a2540000)
  to   space 128K,   0% used [0x00000000a2500000, 0x00000000a2500000, 0x00000000a2520000)
 tenured generation   total 252672K, used 3097K [0x00000000c1800000, 0x00000000d0ec0000, 0x0000000100000000)
   the space 252672K,   1% used [0x00000000c1800000, 0x00000000c1b064c8, 0x00000000c1b06600, 0x00000000d0ec0000)
 Metaspace       used 5797K, capacity 6064K, committed 6144K, reserved 1056768K
  class space    used 635K, capacity 704K, committed 768K, reserved 1048576K
Event: 0.375 GC heap after
Heap after GC invocations=20 (full 0):
 def new generation   total 1152K, used 45K [0x00000000a2400000, 0x00000000a2540000, 0x00000000c1800000)
  eden space 1024K,   0% used [0x00000000a2400000, 0x00000000a2400000, 0x00000000a2500000)
  from space 128K,  35% used [0x00000000a2500000, 0x00000000a250b758, 0x00000000a2520000)
  to   space 128K,   0% used [0x00000000a2520000, 0x00000000a2520000, 0x00000000a2540000)
 tenured generation   total 252672K, used 3097K [0x00000000c1800000, 0x00000000d0ec0000, 0x0000000100000000)
   the space 252672K,   1% used [0x00000000c1800000, 0x00000000c1b064c8, 0x00000000c1b06600, 0x00000000d0ec0000)
 Metaspace       used 5797K, capacity 6064K, committed 6144K, reserved 1056768K
  class space    used 635K, capacity 704K, committed 768K, reserved 1048576K
}
Event: 0.382 GC heap before
{Heap before GC invocations=20 (full 0):
 def new generation   total 1152K, used 1069K [0x00000000a2400000, 0x00000000a2540000, 0x00000000c1800000)
  eden space 1024K, 100% used [0x00000000a2400000, 0x00000000a2500000, 0x00000000a2500000)
  from space 128K,  35% used [0x00000000a2500000, 0x00000000a250b758, 0x00000000a2520000)
  to   space 128K,   0% used [0x00000000a2520000, 0x00000000a2520000, 0x00000000a2540000)
 tenured generation   total 252672K, used 3097K [0x00000000c1800000, 0x00000000d0ec0000, 0x0000000100000000)
   the space 252672K,   1% used [0x00000000c1800000, 0x00000000c1b064c8, 0x00000000c1b06600, 0x00000000d0ec0000)
 Metaspace       used 5883K, capacity 6128K, committed 6400K, reserved 1056768K
  class space    used 652K, capacity 704K, committed 768K, reserved 1048576K
Event: 0.383 GC heap after
Heap after GC invocations=21 (full 0):
 def new generation   total 1152K, used 127K [0x00000000a2400000, 0x00000000a2540000, 0x00000000c1800000)
  eden space 1024K,   0% used [0x00000000a2400000, 0x00000000a2400000, 0x00000000a2500000)
  from space 128K,  99% used [0x00000000a2520000, 0x00000000a253fea8, 0x00000000a2540000)
  to   space 128K,   0% used [0x00000000a2500000, 0x00000000a2500000, 0x00000000a2520000)
 tenured generation   total 252672K, used 3098K [0x00000000c1800000, 0x00000000d0ec0000, 0x0000000100000000)
   the space 252672K,   1% used [0x00000000c1800000, 0x00000000c1b06850, 0x00000000c1b06a00, 0x00000000d0ec0000)
 Metaspace       used 5883K, capacity 6128K, committed 6400K, reserved 1056768K
  class space    used 652K, capacity 704K, committed 768K, reserved 1048576K
}

