# JRE version: Java(TM) SE Runtime Environment (8.0_05-b13) (build 1.8.0_05-b13)
# Java VM: Java HotSpot(TM) 64-Bit Server VM (25.5-b02 mixed mode windows-amd64 compressed oops)
Heap:
 def new generation   total 1152K, used 201K [0x00000000a2400000, 0x00000000a2540000, 0x00000000c1800000)
  eden space 1024K,   8% used [0x00000000a2400000, 0x00000000a24163d8, 0x00000000a2500000)
  from space 128K,  99% used [0x00000000a2500000, 0x00000000a251ff50, 0x00000000a2520000)
  to   space 128K,   0% used [0x00000000a2520000, 0x00000000a2520000, 0x00000000a2540000)
 tenured generation   total 252672K, used 3222K [0x00000000c1800000, 0x00000000d0ec0000, 0x0000000100000000)
   the space 252672K,   1% used [0x00000000c1800000, 0x00000000c1b25ab8, 0x00000000c1b25c00, 0x00000000d0ec0000)
 Metaspace       used 6118K, capacity 6352K, committed 6400K, reserved 1056768K
  class space    used 675K, capacity 736K, committed 768K, reserved 1048576K
GC Heap History (10 events):
Event: 0.259 GC heap before
{Heap before GC invocations=15 (full 0):
 def new generation   total 1152K, used 1152K [0x00000000a2400000, 0x00000000a2540000, 0x00000000c1800000)
  eden space 1024K, 100% used [0x00000000a2400000, 0x00000000a2500000, 0x00000000a2500000)
  from space 128K, 100% used [0x00000000a2520000, 0x00000000a2540000, 0x00000000a2540000)
  to   space 128K,   0% used [0x00000000a2500000, 0x00000000a2500000, 0x00000000a2520000)
 tenured generation   total 252672K, used 2928K [0x00000000c1800000, 0x00000000d0ec0000, 0x0000000100000000)
   the space 252672K,   1% used [0x00000000c1800000, 0x00000000c1adc2c8, 0x00000000c1adc400, 0x00000000d0ec0000)
 Metaspace       used 5788K, capacity 6064K, committed 6144K, reserved 1056768K
  class space    used 635K, capacity 704K, committed 768K, reserved 1048576K
Event: 0.260 GC heap after
Heap after GC invocations=16 (full 0):
 def new generation   total 1152K, used 127K [0x00000000a2400000, 0x00000000a2540000, 0x00000000c1800000)
  eden space 1024K,   0% used [0x00000000a2400000, 0x00000000a2400000, 0x00000000a2500000)
  from space 128K,  99% used [0x00000000a2500000, 0x00000000a251fea0, 0x00000000a2520000)
  to   space 128K,   0% used [0x00000000a2520000, 0x00000000a2520000, 0x00000000a2540000)
 tenured generation   total 252672K, used 2997K [0x00000000c1800000, 0x00000000d0ec0000, 0x0000000100000000)
   the space 252672K,   1% used [0x00000000c1800000, 0x00000000c1aed6e8, 0x00000000c1aed800, 0x00000000d0ec0000)
 Metaspace       used 5788K, capacity 6064K, committed 6144K, reserved 1056768K
  class space    used 635K, capacity 704K, committed 768K, reserved 1048576K
}
Event: 0.262 GC heap before
{Heap before GC invocations=16 (full 0):
 def new generation   total 1152K, used 1145K [0x00000000a2400000, 0x00000000a2540000, 0x00000000c1800000)
  eden space 1024K,  99% used [0x00000000a2400000, 0x00000000a24fe858, 0x00000000a2500000)
  from space 128K,  99% used [0x00000000a2500000, 0x00000000a251fea0, 0x00000000a2520000)
  to   space 128K,   0% used [0x00000000a2520000, 0x00000000a2520000, 0x00000000a2540000)
 tenured generation   total 252672K, used 2997K [0x00000000c1800000, 0x00000000d0ec0000, 0x0000000100000000)
   the space 252672K,   1% used [0x00000000c1800000, 0x00000000c1aed6e8, 0x00000000c1aed800, 0x00000000d0ec0000)
 Metaspace       used 5794K, capacity 6064K, committed 6144K, reserved 1056768K
  class space    used 635K, capacity 704K, committed 768K, reserved 1048576K
Event: 0.263 GC heap after
Heap after GC invocations=17 (full 0):
 def new generation   total 1152K, used 22K [0x00000000a2400000, 0x00000000a2540000, 0x00000000c1800000)
  eden space 1024K,   0% used [0x00000000a2400000, 0x00000000a2400000, 0x00000000a2500000)
  from space 128K,  17% used [0x00000000a2520000, 0x00000000a2525960, 0x00000000a2540000)
  to   space 128K,   0% used [0x00000000a2500000, 0x00000000a2500000, 0x00000000a2520000)
 tenured generation   total 252672K, used 3085K [0x00000000c1800000, 0x00000000d0ec0000, 0x0000000100000000)
   the space 252672K,   1% used [0x00000000c1800000, 0x00000000c1b037a8, 0x00000000c1b03800, 0x00000000d0ec0000)
 Metaspace       used 5794K, capacity 6064K, committed 6144K, reserved 1056768K
  class space    used 635K, capacity 704K, committed 768K, reserved 1048576K
}
Event: 0.264 GC heap before
{Heap before GC invocations=17 (full 0):
 def new generation   total 1152K, used 1046K [0x00000000a2400000, 0x00000000a2540000, 0x00000000c1800000)
  eden space 1024K, 100% used [0x00000000a2400000, 0x00000000a2500000, 0x00000000a2500000)
  from space 128K,  17% used [0x00000000a2520000, 0x00000000a2525960, 0x00000000a2540000)
  to   space 128K,   0% used [0x00000000a2500000, 0x00000000a2500000, 0x00000000a2520000)
 tenured generation   total 252672K, used 3085K [0x00000000c1800000, 0x00000000d0ec0000, 0x0000000100000000)
   the space 252672K,   1% used [0x00000000c1800000, 0x00000000c1b037a8, 0x00000000c1b03800, 0x00000000d0ec0000)
 Metaspace       used 5796K, capacity 6064K, committed 6144K, reserved 1056768K
  class space    used 635K, capacity 704K, committed 768K, reserved 1048576K
Event: 0.264 GC heap after
Heap after GC invocations=18 (full 0):
 def new generation   total 1152K, used 25K [0x00000000a2400000, 0x00000000a2540000, 0x00000000c1800000)
  eden space 1024K,   0% used [0x00000000a2400000, 0x00000000a2400000, 0x00000000a2500000)
  from space 128K,  20% used [0x00000000a2500000, 0x00000000a2506728, 0x00000000a2520000)
  to   space 128K,   0% used [0x00000000a2520000, 0x00000000a2520000, 0x00000000a2540000)
 tenured generation   total 252672K, used 3085K [0x00000000c1800000, 0x00000000d0ec0000, 0x0000000100000000)
   the space 252672K,   1% used [0x00000000c1800000, 0x00000000c1b037a8, 0x00000000c1b03800, 0x00000000d0ec0000)
 Metaspace       used 5796K, capacity 6064K, committed 6144K, reserved 1056768K
  class space    used 635K, capacity 704K, committed 768K, reserved 1048576K
}
Event: 0.265 GC heap before
{Heap before GC invocations=18 (full 0):
 def new generation   total 1152K, used 1049K [0x00000000a2400000, 0x00000000a2540000, 0x00000000c1800000)
  eden space 1024K, 100% used [0x00000000a2400000, 0x00000000a2500000, 0x00000000a2500000)
  from space 128K,  20% used [0x00000000a2500000, 0x00000000a2506728, 0x00000000a2520000)
  to   space 128K,   0% used [0x00000000a2520000, 0x00000000a2520000, 0x00000000a2540000)
 tenured generation   total 252672K, used 3085K [0x00000000c1800000, 0x00000000d0ec0000, 0x0000000100000000)
   the space 252672K,   1% used [0x00000000c1800000, 0x00000000c1b037a8, 0x00000000c1b03800, 0x00000000d0ec0000)
 Metaspace       used 5797K, capacity 6064K, committed 6144K, reserved 1056768K
  class space    used 635K, capacity 704K, committed 768K, reserved 1048576K
Event: 0.265 GC heap after
Heap after GC invocations=19 (full 0):
 def new generation   total 1152K, used 42K [0x00000000a2400000, 0x00000000a2540000, 0x00000000c1800000)
  eden space 1024K,   0% used [0x00000000a2400000, 0x00000000a2400000, 0x00000000a2500000)
  from space 128K,  33% used [0x00000000a2520000, 0x00000000a252aac0, 0x00000000a2540000)
  to   space 128K,   0% used [0x00000000a2500000, 0x00000000a2500000, 0x00000000a2520000)
 tenured generation   total 252672K, used 3085K [0x00000000c1800000, 0x00000000d0ec0000, 0x0000000100000000)
   the space 252672K,   1% used [0x00000000c1800000, 0x00000000c1b037a8, 0x00000000c1b03800, 0x00000000d0ec0000)
 Metaspace       used 5797K, capacity 6064K, committed 6144K, reserved 1056768K
  class space    used 635K, capacity 704K, committed 768K, reserved 1048576K
}
Event: 0.266 GC heap before
{Heap before GC invocations=19 (full 0):
 def new generation   total 1152K, used 1066K [0x00000000a2400000, 0x00000000a2540000, 0x00000000c1800000)
  eden space 1024K, 100% used [0x00000000a2400000, 0x00000000a2500000, 0x00000000a2500000)
  from space 128K,  33% used [0x00000000a2520000, 0x00000000a252aac0, 0x00000000a2540000)
  to   space 128K,   0% used [0x00000000a2500000, 0x00000000a2500000, 0x00000000a2520000)
 tenured generation   total 252672K, used 3085K [0x00000000c1800000, 0x00000000d0ec0000, 0x0000000100000000)
   the space 252672K,   1% used [0x00000000c1800000, 0x00000000c1b037a8, 0x00000000c1b03800, 0x00000000d0ec0000)
 Metaspace       used 5797K, capacity 6064K, committed 6144K, reserved 1056768K
  class space    used 635K, capacity 704K, committed 768K, reserved 1048576K
Event: 0.266 GC heap after
Heap after GC invocations=20 (full 0):
 def new generation   total 1152K, used 46K [0x00000000a2400000, 0x00000000a2540000, 0x00000000c1800000)
  eden space 1024K,   0% used [0x00000000a2400000, 0x00000000a2400000, 0x00000000a2500000)
  from space 128K,  36% used [0x00000000a2500000, 0x00000000a250b910, 0x00000000a2520000)
  to   space 128K,   0% used [0x00000000a2520000, 0x00000000a2520000, 0x00000000a2540000)
 tenured generation   total 252672K, used 3085K [0x00000000c1800000, 0x00000000d0ec0000, 0x0000000100000000)
   the space 252672K,   1% used [0x00000000c1800000, 0x00000000c1b037a8, 0x00000000c1b03800, 0x00000000d0ec0000)
 Metaspace       used 5797K, capacity 6064K, committed 6144K, reserved 1056768K
  class space    used 635K, capacity 704K, committed 768K, reserved 1048576K
}

